2017-08-21 23:17:23,175 INFO o.a.j.u.JMeterUtils: Setting Locale to zh_CN
2017-08-21 23:17:23,250 INFO o.a.j.JMeter: Loading user properties from: user.properties
2017-08-21 23:17:23,269 INFO o.a.j.JMeter: Loading system properties from: system.properties
2017-08-21 23:17:23,300 INFO o.a.j.JMeter: Copyright (c) 1998-2017 The Apache Software Foundation
2017-08-21 23:17:23,301 INFO o.a.j.JMeter: Version 3.2 r1790748
2017-08-21 23:17:23,301 INFO o.a.j.JMeter: java.version=1.8.0_121
2017-08-21 23:17:23,301 INFO o.a.j.JMeter: java.vm.name=Java HotSpot(TM) 64-Bit Server VM
2017-08-21 23:17:23,301 INFO o.a.j.JMeter: os.name=Windows 10
2017-08-21 23:17:23,301 INFO o.a.j.JMeter: os.arch=amd64
2017-08-21 23:17:23,301 INFO o.a.j.JMeter: os.version=10.0
2017-08-21 23:17:23,317 INFO o.a.j.JMeter: file.encoding=GBK
2017-08-21 23:17:23,317 INFO o.a.j.JMeter: Max memory     =477626368
2017-08-21 23:17:23,317 INFO o.a.j.JMeter: Available Processors =4
2017-08-21 23:17:23,337 INFO o.a.j.JMeter: Default Locale=中文 (中国)
2017-08-21 23:17:23,337 INFO o.a.j.JMeter: JMeter  Locale=中文 (中国)
2017-08-21 23:17:23,338 INFO o.a.j.JMeter: JMeterHome=C:\Users\boonya\git\webtest\tools\apache-jmeter-3.2
2017-08-21 23:17:23,338 INFO o.a.j.JMeter: user.dir  =C:\Users\boonya\git\webtest\tools\apache-jmeter-3.2\bin
2017-08-21 23:17:23,340 INFO o.a.j.JMeter: PWD       =C:\Users\boonya\git\webtest\tools\apache-jmeter-3.2\bin
2017-08-21 23:17:23,350 INFO o.a.j.JMeter: IP: 192.168.1.7 Name: PengJunlin FullName: PengJunlin
2017-08-21 23:17:23,353 INFO o.a.j.s.FileServer: Default base='C:\Users\boonya\git\webtest\tools\apache-jmeter-3.2\bin'
2017-08-21 23:17:23,354 INFO o.a.j.s.FileServer: Set new base='C:\Users\boonya\git\webtest\src\test\jemeter'
2017-08-21 23:17:23,613 INFO o.a.j.s.SaveService: Testplan (JMX) version: 2.2. Testlog (JTL) version: 2.2
2017-08-21 23:17:23,675 INFO o.a.j.s.SaveService: Using SaveService properties file encoding UTF-8
2017-08-21 23:17:23,684 INFO o.a.j.s.SaveService: Using SaveService properties version 3.2
2017-08-21 23:17:23,691 INFO o.a.j.s.SaveService: Loading file: C:\Users\boonya\git\webtest\src\test\jemeter\test-first.jmx
2017-08-21 23:17:23,815 INFO o.a.j.p.h.s.HTTPSamplerBase: Parser for text/html is org.apache.jmeter.protocol.http.parser.LagartoBasedHtmlParser
2017-08-21 23:17:23,815 INFO o.a.j.p.h.s.HTTPSamplerBase: Parser for application/xhtml+xml is org.apache.jmeter.protocol.http.parser.LagartoBasedHtmlParser
2017-08-21 23:17:23,815 INFO o.a.j.p.h.s.HTTPSamplerBase: Parser for application/xml is org.apache.jmeter.protocol.http.parser.LagartoBasedHtmlParser
2017-08-21 23:17:23,816 INFO o.a.j.p.h.s.HTTPSamplerBase: Parser for text/xml is org.apache.jmeter.protocol.http.parser.LagartoBasedHtmlParser
2017-08-21 23:17:23,816 INFO o.a.j.p.h.s.HTTPSamplerBase: Parser for text/vnd.wap.wml is org.apache.jmeter.protocol.http.parser.RegexpHTMLParser
2017-08-21 23:17:23,816 INFO o.a.j.p.h.s.HTTPSamplerBase: Parser for text/css is org.apache.jmeter.protocol.http.parser.CssParser
2017-08-21 23:17:23,923 INFO o.a.j.JMeter: Creating summariser <summary>
2017-08-21 23:17:23,928 INFO o.a.j.e.StandardJMeterEngine: Running the test!
2017-08-21 23:17:23,929 INFO o.a.j.s.SampleEvent: List of sample_variables: []
2017-08-21 23:17:23,929 INFO o.a.j.s.SampleEvent: List of sample_variables: []
2017-08-21 23:17:23,932 INFO o.a.j.e.u.CompoundVariable: Note: Function class names must contain the string: '.functions.'
2017-08-21 23:17:23,933 INFO o.a.j.e.u.CompoundVariable: Note: Function class names must not contain the string: '.gui.'
2017-08-21 23:17:25,871 INFO o.a.j.JMeter: 正在运行的测试 (1503328645871)
2017-08-21 23:17:25,873 INFO o.a.j.e.StandardJMeterEngine: Starting setUp thread groups
2017-08-21 23:17:25,873 INFO o.a.j.e.StandardJMeterEngine: Starting setUp ThreadGroup: 1 : ThreadGroup
2017-08-21 23:17:25,873 INFO o.a.j.e.StandardJMeterEngine: Starting 100 threads for group ThreadGroup.
2017-08-21 23:17:25,873 INFO o.a.j.e.StandardJMeterEngine: Thread will continue on error
2017-08-21 23:17:25,873 INFO o.a.j.t.ThreadGroup: Starting thread group... number=1 threads=100 ramp-up=10 perThread=100.0 delayedStart=false
2017-08-21 23:17:25,940 INFO o.a.j.t.ThreadGroup: Started thread group number 1
2017-08-21 23:17:25,940 INFO o.a.j.e.StandardJMeterEngine: Waiting for all setup thread groups to exit
2017-08-21 23:17:25,943 INFO o.a.j.t.JMeterThread: Thread started: ThreadGroup 1-1
2017-08-21 23:17:26,007 INFO o.a.j.p.h.s.HTTPHCAbstractImpl: Local host = PengJunlin
2017-08-21 23:17:26,038 INFO o.a.j.p.h.s.HTTPHC4Impl: HTTP request retry count = 0
2017-08-21 23:17:26,046 INFO o.a.j.t.JMeterThread: Thread started: ThreadGroup 1-2
2017-08-21 23:17:26,050 INFO o.a.j.s.SampleResult: Note: Sample TimeStamps are START times
2017-08-21 23:17:26,051 INFO o.a.j.s.SampleResult: sampleresult.default.encoding is set to ISO-8859-1
2017-08-21 23:17:26,051 INFO o.a.j.s.SampleResult: sampleresult.useNanoTime=true
2017-08-21 23:17:26,051 INFO o.a.j.s.SampleResult: sampleresult.nanoThreadSleep=5000
2017-08-21 23:17:26,147 INFO o.a.j.t.JMeterThread: Thread started: ThreadGroup 1-3
2017-08-21 23:17:26,243 INFO o.a.j.t.JMeterThread: Thread started: ThreadGroup 1-4
2017-08-21 23:17:26,343 INFO o.a.j.t.JMeterThread: Thread started: ThreadGroup 1-5
2017-08-21 23:17:26,442 INFO o.a.j.t.JMeterThread: Thread started: ThreadGroup 1-6
2017-08-21 23:17:26,544 INFO o.a.j.t.JMeterThread: Thread started: ThreadGroup 1-7
2017-08-21 23:17:26,645 INFO o.a.j.t.JMeterThread: Thread started: ThreadGroup 1-8
2017-08-21 23:17:26,743 INFO o.a.j.t.JMeterThread: Thread started: ThreadGroup 1-9
2017-08-21 23:17:26,843 INFO o.a.j.t.JMeterThread: Thread started: ThreadGroup 1-10
2017-08-21 23:17:26,944 INFO o.a.j.t.JMeterThread: Thread started: ThreadGroup 1-11
2017-08-21 23:17:27,044 INFO o.a.j.t.JMeterThread: Thread started: ThreadGroup 1-12
2017-08-21 23:17:27,143 INFO o.a.j.t.JMeterThread: Thread started: ThreadGroup 1-13
2017-08-21 23:17:27,243 INFO o.a.j.t.JMeterThread: Thread started: ThreadGroup 1-14
2017-08-21 23:17:27,343 INFO o.a.j.t.JMeterThread: Thread started: ThreadGroup 1-15
2017-08-21 23:17:27,443 INFO o.a.j.t.JMeterThread: Thread started: ThreadGroup 1-16
2017-08-21 23:17:27,544 INFO o.a.j.t.JMeterThread: Thread started: ThreadGroup 1-17
2017-08-21 23:17:27,644 INFO o.a.j.t.JMeterThread: Thread started: ThreadGroup 1-18
2017-08-21 23:17:27,743 INFO o.a.j.t.JMeterThread: Thread started: ThreadGroup 1-19
2017-08-21 23:17:27,844 INFO o.a.j.t.JMeterThread: Thread started: ThreadGroup 1-20
2017-08-21 23:17:27,943 INFO o.a.j.t.JMeterThread: Thread started: ThreadGroup 1-21
2017-08-21 23:17:28,045 INFO o.a.j.t.JMeterThread: Thread started: ThreadGroup 1-22
2017-08-21 23:17:28,145 INFO o.a.j.t.JMeterThread: Thread started: ThreadGroup 1-23
2017-08-21 23:17:28,248 INFO o.a.j.t.JMeterThread: Thread started: ThreadGroup 1-24
2017-08-21 23:17:28,343 INFO o.a.j.t.JMeterThread: Thread started: ThreadGroup 1-25
2017-08-21 23:17:28,444 INFO o.a.j.t.JMeterThread: Thread started: ThreadGroup 1-26
2017-08-21 23:17:28,543 INFO o.a.j.t.JMeterThread: Thread started: ThreadGroup 1-27
2017-08-21 23:17:28,648 INFO o.a.j.t.JMeterThread: Thread started: ThreadGroup 1-28
2017-08-21 23:17:28,746 INFO o.a.j.t.JMeterThread: Thread started: ThreadGroup 1-29
2017-08-21 23:17:28,842 INFO o.a.j.t.JMeterThread: Thread started: ThreadGroup 1-30
2017-08-21 23:17:28,944 INFO o.a.j.t.JMeterThread: Thread started: ThreadGroup 1-31
2017-08-21 23:17:29,041 INFO o.a.j.t.JMeterThread: Thread started: ThreadGroup 1-32
2017-08-21 23:17:29,139 INFO o.a.j.t.JMeterThread: Thread started: ThreadGroup 1-33
2017-08-21 23:17:29,240 INFO o.a.j.t.JMeterThread: Thread started: ThreadGroup 1-34
2017-08-21 23:17:29,338 INFO o.a.j.t.JMeterThread: Thread started: ThreadGroup 1-35
2017-08-21 23:17:29,438 INFO o.a.j.t.JMeterThread: Thread started: ThreadGroup 1-36
2017-08-21 23:17:29,537 INFO o.a.j.t.JMeterThread: Thread started: ThreadGroup 1-37
2017-08-21 23:17:29,638 INFO o.a.j.t.JMeterThread: Thread started: ThreadGroup 1-38
2017-08-21 23:17:29,737 INFO o.a.j.t.JMeterThread: Thread started: ThreadGroup 1-39
2017-08-21 23:17:29,837 INFO o.a.j.t.JMeterThread: Thread started: ThreadGroup 1-40
2017-08-21 23:17:29,938 INFO o.a.j.t.JMeterThread: Thread started: ThreadGroup 1-41
2017-08-21 23:17:30,037 INFO o.a.j.t.JMeterThread: Thread started: ThreadGroup 1-42
2017-08-21 23:17:30,140 INFO o.a.j.t.JMeterThread: Thread started: ThreadGroup 1-43
2017-08-21 23:17:30,237 INFO o.a.j.t.JMeterThread: Thread started: ThreadGroup 1-44
2017-08-21 23:17:30,337 INFO o.a.j.t.JMeterThread: Thread started: ThreadGroup 1-45
2017-08-21 23:17:30,453 INFO o.a.j.t.JMeterThread: Thread started: ThreadGroup 1-46
2017-08-21 23:17:30,537 INFO o.a.j.t.JMeterThread: Thread started: ThreadGroup 1-47
2017-08-21 23:17:30,636 INFO o.a.j.t.JMeterThread: Thread started: ThreadGroup 1-48
2017-08-21 23:17:30,736 INFO o.a.j.t.JMeterThread: Thread started: ThreadGroup 1-49
2017-08-21 23:17:30,836 INFO o.a.j.t.JMeterThread: Thread started: ThreadGroup 1-50
2017-08-21 23:17:30,936 INFO o.a.j.t.JMeterThread: Thread started: ThreadGroup 1-51
2017-08-21 23:17:31,024 INFO o.a.j.t.JMeterThread: Thread started: ThreadGroup 1-52
2017-08-21 23:17:31,124 INFO o.a.j.t.JMeterThread: Thread started: ThreadGroup 1-53
2017-08-21 23:17:31,229 INFO o.a.j.t.JMeterThread: Thread started: ThreadGroup 1-54
2017-08-21 23:17:31,397 INFO o.a.j.t.JMeterThread: Thread started: ThreadGroup 1-55
2017-08-21 23:17:31,449 INFO o.a.j.t.JMeterThread: Thread started: ThreadGroup 1-56
2017-08-21 23:17:31,551 INFO o.a.j.t.JMeterThread: Thread started: ThreadGroup 1-57
2017-08-21 23:17:31,649 INFO o.a.j.t.JMeterThread: Thread started: ThreadGroup 1-58
2017-08-21 23:17:31,785 INFO o.a.j.t.JMeterThread: Thread started: ThreadGroup 1-59
2017-08-21 23:17:31,850 INFO o.a.j.t.JMeterThread: Thread started: ThreadGroup 1-60
2017-08-21 23:17:31,950 INFO o.a.j.t.JMeterThread: Thread started: ThreadGroup 1-61
2017-08-21 23:17:32,049 INFO o.a.j.t.JMeterThread: Thread started: ThreadGroup 1-62
2017-08-21 23:17:32,149 INFO o.a.j.t.JMeterThread: Thread started: ThreadGroup 1-63
2017-08-21 23:17:32,250 INFO o.a.j.t.JMeterThread: Thread started: ThreadGroup 1-64
2017-08-21 23:17:32,366 INFO o.a.j.t.JMeterThread: Thread started: ThreadGroup 1-65
2017-08-21 23:17:32,466 INFO o.a.j.t.JMeterThread: Thread started: ThreadGroup 1-66
2017-08-21 23:17:32,569 INFO o.a.j.t.JMeterThread: Thread started: ThreadGroup 1-67
2017-08-21 23:17:32,669 INFO o.a.j.t.JMeterThread: Thread started: ThreadGroup 1-68
2017-08-21 23:17:32,768 INFO o.a.j.t.JMeterThread: Thread started: ThreadGroup 1-69
2017-08-21 23:17:32,867 INFO o.a.j.t.JMeterThread: Thread started: ThreadGroup 1-70
2017-08-21 23:17:32,968 INFO o.a.j.t.JMeterThread: Thread started: ThreadGroup 1-71
2017-08-21 23:17:33,067 INFO o.a.j.t.JMeterThread: Thread started: ThreadGroup 1-72
2017-08-21 23:17:33,167 INFO o.a.j.t.JMeterThread: Thread started: ThreadGroup 1-73
2017-08-21 23:17:33,267 INFO o.a.j.t.JMeterThread: Thread started: ThreadGroup 1-74
2017-08-21 23:17:33,368 INFO o.a.j.t.JMeterThread: Thread started: ThreadGroup 1-75
2017-08-21 23:17:33,469 INFO o.a.j.t.JMeterThread: Thread started: ThreadGroup 1-76
2017-08-21 23:17:33,567 INFO o.a.j.t.JMeterThread: Thread started: ThreadGroup 1-77
2017-08-21 23:17:33,667 INFO o.a.j.t.JMeterThread: Thread started: ThreadGroup 1-78
2017-08-21 23:17:33,767 INFO o.a.j.t.JMeterThread: Thread started: ThreadGroup 1-79
2017-08-21 23:17:33,867 INFO o.a.j.t.JMeterThread: Thread started: ThreadGroup 1-80
2017-08-21 23:17:33,967 INFO o.a.j.t.JMeterThread: Thread started: ThreadGroup 1-81
2017-08-21 23:17:34,067 INFO o.a.j.t.JMeterThread: Thread started: ThreadGroup 1-82
2017-08-21 23:17:34,168 INFO o.a.j.t.JMeterThread: Thread started: ThreadGroup 1-83
2017-08-21 23:17:34,268 INFO o.a.j.t.JMeterThread: Thread started: ThreadGroup 1-84
2017-08-21 23:17:34,367 INFO o.a.j.t.JMeterThread: Thread started: ThreadGroup 1-85
2017-08-21 23:17:34,468 INFO o.a.j.t.JMeterThread: Thread started: ThreadGroup 1-86
2017-08-21 23:17:34,568 INFO o.a.j.t.JMeterThread: Thread started: ThreadGroup 1-87
2017-08-21 23:17:34,673 INFO o.a.j.t.JMeterThread: Thread started: ThreadGroup 1-88
2017-08-21 23:17:34,767 INFO o.a.j.t.JMeterThread: Thread started: ThreadGroup 1-89
2017-08-21 23:17:34,868 INFO o.a.j.t.JMeterThread: Thread started: ThreadGroup 1-90
2017-08-21 23:17:34,968 INFO o.a.j.t.JMeterThread: Thread started: ThreadGroup 1-91
2017-08-21 23:17:35,071 INFO o.a.j.t.JMeterThread: Thread started: ThreadGroup 1-92
2017-08-21 23:17:35,166 INFO o.a.j.t.JMeterThread: Thread started: ThreadGroup 1-93
2017-08-21 23:17:35,267 INFO o.a.j.t.JMeterThread: Thread started: ThreadGroup 1-94
2017-08-21 23:17:35,366 INFO o.a.j.t.JMeterThread: Thread started: ThreadGroup 1-95
2017-08-21 23:17:35,466 INFO o.a.j.t.JMeterThread: Thread started: ThreadGroup 1-96
2017-08-21 23:17:35,566 INFO o.a.j.t.JMeterThread: Thread started: ThreadGroup 1-97
2017-08-21 23:17:35,667 INFO o.a.j.t.JMeterThread: Thread started: ThreadGroup 1-98
2017-08-21 23:17:35,766 INFO o.a.j.t.JMeterThread: Thread started: ThreadGroup 1-99
2017-08-21 23:17:35,866 INFO o.a.j.t.JMeterThread: Thread started: ThreadGroup 1-100
2017-08-21 23:18:30,055 INFO o.a.j.r.Summariser: summary +    212 in 00:01:04 =    3.3/s Avg: 21005 Min: 21000 Max: 21175 Err:   212 (100.00%) Active: 100 Started: 100 Finished: 0
2017-08-21 23:19:32,316 INFO o.a.j.r.Summariser: summary +    289 in 00:01:02 =    4.6/s Avg: 21003 Min: 21000 Max: 21015 Err:   289 (100.00%) Active: 100 Started: 100 Finished: 0
2017-08-21 23:19:32,317 INFO o.a.j.r.Summariser: summary =    501 in 00:02:06 =    4.0/s Avg: 21003 Min: 21000 Max: 21175 Err:   501 (100.00%)
2017-08-21 23:20:00,091 INFO o.a.j.r.Summariser: summary +    171 in 00:00:28 =    6.2/s Avg: 21003 Min: 21000 Max: 21022 Err:   171 (100.00%) Active: 100 Started: 100 Finished: 0
2017-08-21 23:20:00,092 INFO o.a.j.r.Summariser: summary =    672 in 00:02:34 =    4.4/s Avg: 21003 Min: 21000 Max: 21175 Err:   672 (100.00%)
2017-08-21 23:20:35,330 INFO o.a.j.r.Summariser: summary +    129 in 00:00:35 =    3.7/s Avg: 21004 Min: 21000 Max: 21048 Err:   129 (100.00%) Active: 100 Started: 100 Finished: 0
2017-08-21 23:20:35,331 INFO o.a.j.r.Summariser: summary =    801 in 00:03:09 =    4.2/s Avg: 21003 Min: 21000 Max: 21175 Err:   801 (100.00%)
2017-08-21 23:20:56,332 INFO o.a.j.t.JMeterThread: Thread is done: ThreadGroup 1-4
2017-08-21 23:20:56,332 INFO o.a.j.t.JMeterThread: Thread finished: ThreadGroup 1-4
2017-08-21 23:20:56,334 INFO o.a.j.t.JMeterThread: Thread is done: ThreadGroup 1-1
2017-08-21 23:20:56,334 INFO o.a.j.t.JMeterThread: Thread finished: ThreadGroup 1-1
2017-08-21 23:20:56,335 INFO o.a.j.t.JMeterThread: Thread is done: ThreadGroup 1-2
2017-08-21 23:20:56,335 INFO o.a.j.t.JMeterThread: Thread finished: ThreadGroup 1-2
2017-08-21 23:20:56,340 INFO o.a.j.t.JMeterThread: Thread is done: ThreadGroup 1-3
2017-08-21 23:20:56,340 INFO o.a.j.t.JMeterThread: Thread finished: ThreadGroup 1-3
2017-08-21 23:20:56,365 INFO o.a.j.t.JMeterThread: Thread is done: ThreadGroup 1-5
2017-08-21 23:20:56,365 INFO o.a.j.t.JMeterThread: Thread finished: ThreadGroup 1-5
2017-08-21 23:20:56,479 INFO o.a.j.t.JMeterThread: Thread is done: ThreadGroup 1-6
2017-08-21 23:20:56,479 INFO o.a.j.t.JMeterThread: Thread finished: ThreadGroup 1-6
2017-08-21 23:20:56,600 INFO o.a.j.t.JMeterThread: Thread is done: ThreadGroup 1-7
2017-08-21 23:20:56,600 INFO o.a.j.t.JMeterThread: Thread finished: ThreadGroup 1-7
2017-08-21 23:20:56,666 INFO o.a.j.t.JMeterThread: Thread is done: ThreadGroup 1-8
2017-08-21 23:20:56,666 INFO o.a.j.t.JMeterThread: Thread finished: ThreadGroup 1-8
2017-08-21 23:20:56,780 INFO o.a.j.t.JMeterThread: Thread is done: ThreadGroup 1-9
2017-08-21 23:20:56,780 INFO o.a.j.t.JMeterThread: Thread finished: ThreadGroup 1-9
2017-08-21 23:20:56,882 INFO o.a.j.t.JMeterThread: Thread is done: ThreadGroup 1-10
2017-08-21 23:20:56,882 INFO o.a.j.t.JMeterThread: Thread finished: ThreadGroup 1-10
2017-08-21 23:20:56,996 INFO o.a.j.t.JMeterThread: Thread is done: ThreadGroup 1-11
2017-08-21 23:20:56,996 INFO o.a.j.t.JMeterThread: Thread finished: ThreadGroup 1-11
2017-08-21 23:20:57,103 INFO o.a.j.t.JMeterThread: Thread is done: ThreadGroup 1-12
2017-08-21 23:20:57,103 INFO o.a.j.t.JMeterThread: Thread finished: ThreadGroup 1-12
2017-08-21 23:20:57,247 INFO o.a.j.t.JMeterThread: Thread is done: ThreadGroup 1-13
2017-08-21 23:20:57,247 INFO o.a.j.t.JMeterThread: Thread finished: ThreadGroup 1-13
2017-08-21 23:20:57,278 INFO o.a.j.t.JMeterThread: Thread is done: ThreadGroup 1-14
2017-08-21 23:20:57,278 INFO o.a.j.t.JMeterThread: Thread finished: ThreadGroup 1-14
2017-08-21 23:20:57,390 INFO o.a.j.t.JMeterThread: Thread is done: ThreadGroup 1-15
2017-08-21 23:20:57,390 INFO o.a.j.t.JMeterThread: Thread finished: ThreadGroup 1-15
2017-08-21 23:20:57,533 INFO o.a.j.t.JMeterThread: Thread is done: ThreadGroup 1-16
2017-08-21 23:20:57,533 INFO o.a.j.t.JMeterThread: Thread finished: ThreadGroup 1-16
2017-08-21 23:20:57,609 INFO o.a.j.t.JMeterThread: Thread is done: ThreadGroup 1-17
2017-08-21 23:20:57,609 INFO o.a.j.t.JMeterThread: Thread finished: ThreadGroup 1-17
2017-08-21 23:20:57,677 INFO o.a.j.t.JMeterThread: Thread is done: ThreadGroup 1-18
2017-08-21 23:20:57,678 INFO o.a.j.t.JMeterThread: Thread finished: ThreadGroup 1-18
2017-08-21 23:20:57,784 INFO o.a.j.t.JMeterThread: Thread is done: ThreadGroup 1-19
2017-08-21 23:20:57,784 INFO o.a.j.t.JMeterThread: Thread finished: ThreadGroup 1-19
2017-08-21 23:20:57,884 INFO o.a.j.t.JMeterThread: Thread is done: ThreadGroup 1-20
2017-08-21 23:20:57,884 INFO o.a.j.t.JMeterThread: Thread finished: ThreadGroup 1-20
2017-08-21 23:20:57,987 INFO o.a.j.t.JMeterThread: Thread is done: ThreadGroup 1-21
2017-08-21 23:20:57,987 INFO o.a.j.t.JMeterThread: Thread finished: ThreadGroup 1-21
2017-08-21 23:20:58,089 INFO o.a.j.t.JMeterThread: Thread is done: ThreadGroup 1-22
2017-08-21 23:20:58,089 INFO o.a.j.t.JMeterThread: Thread finished: ThreadGroup 1-22
2017-08-21 23:20:58,204 INFO o.a.j.t.JMeterThread: Thread is done: ThreadGroup 1-23
2017-08-21 23:20:58,204 INFO o.a.j.t.JMeterThread: Thread finished: ThreadGroup 1-23
2017-08-21 23:20:58,290 INFO o.a.j.t.JMeterThread: Thread is done: ThreadGroup 1-24
2017-08-21 23:20:58,290 INFO o.a.j.t.JMeterThread: Thread finished: ThreadGroup 1-24
2017-08-21 23:20:58,388 INFO o.a.j.t.JMeterThread: Thread is done: ThreadGroup 1-25
2017-08-21 23:20:58,388 INFO o.a.j.t.JMeterThread: Thread finished: ThreadGroup 1-25
2017-08-21 23:20:58,476 INFO o.a.j.t.JMeterThread: Thread is done: ThreadGroup 1-26
2017-08-21 23:20:58,476 INFO o.a.j.t.JMeterThread: Thread finished: ThreadGroup 1-26
2017-08-21 23:20:58,599 INFO o.a.j.t.JMeterThread: Thread is done: ThreadGroup 1-27
2017-08-21 23:20:58,599 INFO o.a.j.t.JMeterThread: Thread finished: ThreadGroup 1-27
2017-08-21 23:20:58,686 INFO o.a.j.t.JMeterThread: Thread is done: ThreadGroup 1-28
2017-08-21 23:20:58,686 INFO o.a.j.t.JMeterThread: Thread finished: ThreadGroup 1-28
2017-08-21 23:20:58,807 INFO o.a.j.t.JMeterThread: Thread is done: ThreadGroup 1-29
2017-08-21 23:20:58,807 INFO o.a.j.t.JMeterThread: Thread finished: ThreadGroup 1-29
2017-08-21 23:20:58,890 INFO o.a.j.t.JMeterThread: Thread is done: ThreadGroup 1-30
2017-08-21 23:20:58,890 INFO o.a.j.t.JMeterThread: Thread finished: ThreadGroup 1-30
2017-08-21 23:20:58,975 INFO o.a.j.t.JMeterThread: Thread is done: ThreadGroup 1-31
2017-08-21 23:20:58,975 INFO o.a.j.t.JMeterThread: Thread finished: ThreadGroup 1-31
2017-08-21 23:20:59,095 INFO o.a.j.t.JMeterThread: Thread is done: ThreadGroup 1-32
2017-08-21 23:20:59,095 INFO o.a.j.t.JMeterThread: Thread finished: ThreadGroup 1-32
2017-08-21 23:20:59,183 INFO o.a.j.t.JMeterThread: Thread is done: ThreadGroup 1-33
2017-08-21 23:20:59,183 INFO o.a.j.t.JMeterThread: Thread finished: ThreadGroup 1-33
2017-08-21 23:20:59,278 INFO o.a.j.t.JMeterThread: Thread is done: ThreadGroup 1-34
2017-08-21 23:20:59,278 INFO o.a.j.t.JMeterThread: Thread finished: ThreadGroup 1-34
2017-08-21 23:20:59,378 INFO o.a.j.t.JMeterThread: Thread is done: ThreadGroup 1-35
2017-08-21 23:20:59,378 INFO o.a.j.t.JMeterThread: Thread finished: ThreadGroup 1-35
2017-08-21 23:20:59,473 INFO o.a.j.t.JMeterThread: Thread is done: ThreadGroup 1-36
2017-08-21 23:20:59,473 INFO o.a.j.t.JMeterThread: Thread finished: ThreadGroup 1-36
2017-08-21 23:20:59,581 INFO o.a.j.t.JMeterThread: Thread is done: ThreadGroup 1-37
2017-08-21 23:20:59,581 INFO o.a.j.t.JMeterThread: Thread finished: ThreadGroup 1-37
2017-08-21 23:20:59,670 INFO o.a.j.t.JMeterThread: Thread is done: ThreadGroup 1-38
2017-08-21 23:20:59,670 INFO o.a.j.t.JMeterThread: Thread finished: ThreadGroup 1-38
2017-08-21 23:20:59,791 INFO o.a.j.t.JMeterThread: Thread is done: ThreadGroup 1-39
2017-08-21 23:20:59,791 INFO o.a.j.t.JMeterThread: Thread finished: ThreadGroup 1-39
2017-08-21 23:20:59,875 INFO o.a.j.t.JMeterThread: Thread is done: ThreadGroup 1-40
2017-08-21 23:20:59,875 INFO o.a.j.t.JMeterThread: Thread finished: ThreadGroup 1-40
2017-08-21 23:20:59,986 INFO o.a.j.t.JMeterThread: Thread is done: ThreadGroup 1-41
2017-08-21 23:20:59,986 INFO o.a.j.t.JMeterThread: Thread finished: ThreadGroup 1-41
2017-08-21 23:21:00,069 INFO o.a.j.r.Summariser: summary +    141 in 00:00:25 =    5.7/s Avg: 21003 Min: 21000 Max: 21022 Err:   141 (100.00%) Active: 59 Started: 100 Finished: 41
2017-08-21 23:21:00,069 INFO o.a.j.r.Summariser: summary =    942 in 00:03:34 =    4.4/s Avg: 21003 Min: 21000 Max: 21175 Err:   942 (100.00%)
2017-08-21 23:21:00,070 INFO o.a.j.t.JMeterThread: Thread is done: ThreadGroup 1-42
2017-08-21 23:21:00,070 INFO o.a.j.t.JMeterThread: Thread finished: ThreadGroup 1-42
2017-08-21 23:21:00,170 INFO o.a.j.t.JMeterThread: Thread is done: ThreadGroup 1-43
2017-08-21 23:21:00,170 INFO o.a.j.t.JMeterThread: Thread finished: ThreadGroup 1-43
2017-08-21 23:21:00,272 INFO o.a.j.t.JMeterThread: Thread is done: ThreadGroup 1-44
2017-08-21 23:21:00,272 INFO o.a.j.t.JMeterThread: Thread finished: ThreadGroup 1-44
2017-08-21 23:21:00,392 INFO o.a.j.t.JMeterThread: Thread is done: ThreadGroup 1-45
2017-08-21 23:21:00,392 INFO o.a.j.t.JMeterThread: Thread finished: ThreadGroup 1-45
2017-08-21 23:21:00,491 INFO o.a.j.t.JMeterThread: Thread is done: ThreadGroup 1-46
2017-08-21 23:21:00,491 INFO o.a.j.t.JMeterThread: Thread finished: ThreadGroup 1-46
2017-08-21 23:21:00,566 INFO o.a.j.t.JMeterThread: Thread is done: ThreadGroup 1-47
2017-08-21 23:21:00,566 INFO o.a.j.t.JMeterThread: Thread finished: ThreadGroup 1-47
2017-08-21 23:21:00,686 INFO o.a.j.t.JMeterThread: Thread is done: ThreadGroup 1-48
2017-08-21 23:21:00,686 INFO o.a.j.t.JMeterThread: Thread finished: ThreadGroup 1-48
2017-08-21 23:21:00,776 INFO o.a.j.t.JMeterThread: Thread is done: ThreadGroup 1-49
2017-08-21 23:21:00,776 INFO o.a.j.t.JMeterThread: Thread finished: ThreadGroup 1-49
2017-08-21 23:21:00,873 INFO o.a.j.t.JMeterThread: Thread is done: ThreadGroup 1-50
2017-08-21 23:21:00,873 INFO o.a.j.t.JMeterThread: Thread finished: ThreadGroup 1-50
2017-08-21 23:21:00,969 INFO o.a.j.t.JMeterThread: Thread is done: ThreadGroup 1-51
2017-08-21 23:21:00,969 INFO o.a.j.t.JMeterThread: Thread finished: ThreadGroup 1-51
2017-08-21 23:21:01,085 INFO o.a.j.t.JMeterThread: Thread is done: ThreadGroup 1-52
2017-08-21 23:21:01,085 INFO o.a.j.t.JMeterThread: Thread finished: ThreadGroup 1-52
2017-08-21 23:21:01,159 INFO o.a.j.t.JMeterThread: Thread is done: ThreadGroup 1-53
2017-08-21 23:21:01,159 INFO o.a.j.t.JMeterThread: Thread finished: ThreadGroup 1-53
2017-08-21 23:21:01,265 INFO o.a.j.t.JMeterThread: Thread is done: ThreadGroup 1-54
2017-08-21 23:21:01,265 INFO o.a.j.t.JMeterThread: Thread finished: ThreadGroup 1-54
2017-08-21 23:21:01,434 INFO o.a.j.t.JMeterThread: Thread is done: ThreadGroup 1-55
2017-08-21 23:21:01,435 INFO o.a.j.t.JMeterThread: Thread finished: ThreadGroup 1-55
2017-08-21 23:21:01,490 INFO o.a.j.t.JMeterThread: Thread is done: ThreadGroup 1-56
2017-08-21 23:21:01,490 INFO o.a.j.t.JMeterThread: Thread finished: ThreadGroup 1-56
2017-08-21 23:21:01,582 INFO o.a.j.t.JMeterThread: Thread is done: ThreadGroup 1-57
2017-08-21 23:21:01,583 INFO o.a.j.t.JMeterThread: Thread finished: ThreadGroup 1-57
2017-08-21 23:21:01,674 INFO o.a.j.t.JMeterThread: Thread is done: ThreadGroup 1-58
2017-08-21 23:21:01,674 INFO o.a.j.t.JMeterThread: Thread finished: ThreadGroup 1-58
2017-08-21 23:21:01,841 INFO o.a.j.t.JMeterThread: Thread is done: ThreadGroup 1-59
2017-08-21 23:21:01,841 INFO o.a.j.t.JMeterThread: Thread finished: ThreadGroup 1-59
2017-08-21 23:21:01,886 INFO o.a.j.t.JMeterThread: Thread is done: ThreadGroup 1-60
2017-08-21 23:21:01,886 INFO o.a.j.t.JMeterThread: Thread finished: ThreadGroup 1-60
2017-08-21 23:21:01,992 INFO o.a.j.t.JMeterThread: Thread is done: ThreadGroup 1-61
2017-08-21 23:21:01,992 INFO o.a.j.t.JMeterThread: Thread finished: ThreadGroup 1-61
2017-08-21 23:21:02,084 INFO o.a.j.t.JMeterThread: Thread is done: ThreadGroup 1-62
2017-08-21 23:21:02,084 INFO o.a.j.t.JMeterThread: Thread finished: ThreadGroup 1-62
2017-08-21 23:21:02,183 INFO o.a.j.t.JMeterThread: Thread is done: ThreadGroup 1-63
2017-08-21 23:21:02,183 INFO o.a.j.t.JMeterThread: Thread finished: ThreadGroup 1-63
2017-08-21 23:21:02,288 INFO o.a.j.t.JMeterThread: Thread is done: ThreadGroup 1-64
2017-08-21 23:21:02,288 INFO o.a.j.t.JMeterThread: Thread finished: ThreadGroup 1-64
2017-08-21 23:21:02,402 INFO o.a.j.t.JMeterThread: Thread is done: ThreadGroup 1-65
2017-08-21 23:21:02,403 INFO o.a.j.t.JMeterThread: Thread finished: ThreadGroup 1-65
2017-08-21 23:21:02,510 INFO o.a.j.t.JMeterThread: Thread is done: ThreadGroup 1-66
2017-08-21 23:21:02,511 INFO o.a.j.t.JMeterThread: Thread finished: ThreadGroup 1-66
2017-08-21 23:21:02,600 INFO o.a.j.t.JMeterThread: Thread is done: ThreadGroup 1-67
2017-08-21 23:21:02,600 INFO o.a.j.t.JMeterThread: Thread finished: ThreadGroup 1-67
2017-08-21 23:21:02,713 INFO o.a.j.t.JMeterThread: Thread is done: ThreadGroup 1-68
2017-08-21 23:21:02,713 INFO o.a.j.t.JMeterThread: Thread finished: ThreadGroup 1-68
2017-08-21 23:21:02,806 INFO o.a.j.t.JMeterThread: Thread is done: ThreadGroup 1-69
2017-08-21 23:21:02,806 INFO o.a.j.t.JMeterThread: Thread finished: ThreadGroup 1-69
2017-08-21 23:21:02,903 INFO o.a.j.t.JMeterThread: Thread is done: ThreadGroup 1-70
2017-08-21 23:21:02,903 INFO o.a.j.t.JMeterThread: Thread finished: ThreadGroup 1-70
2017-08-21 23:21:02,998 INFO o.a.j.t.JMeterThread: Thread is done: ThreadGroup 1-71
2017-08-21 23:21:02,998 INFO o.a.j.t.JMeterThread: Thread finished: ThreadGroup 1-71
2017-08-21 23:21:03,100 INFO o.a.j.t.JMeterThread: Thread is done: ThreadGroup 1-72
2017-08-21 23:21:03,100 INFO o.a.j.t.JMeterThread: Thread finished: ThreadGroup 1-72
2017-08-21 23:21:03,218 INFO o.a.j.t.JMeterThread: Thread is done: ThreadGroup 1-73
2017-08-21 23:21:03,219 INFO o.a.j.t.JMeterThread: Thread finished: ThreadGroup 1-73
2017-08-21 23:21:03,294 INFO o.a.j.t.JMeterThread: Thread is done: ThreadGroup 1-74
2017-08-21 23:21:03,294 INFO o.a.j.t.JMeterThread: Thread finished: ThreadGroup 1-74
2017-08-21 23:21:03,390 INFO o.a.j.t.JMeterThread: Thread is done: ThreadGroup 1-75
2017-08-21 23:21:03,390 INFO o.a.j.t.JMeterThread: Thread finished: ThreadGroup 1-75
2017-08-21 23:21:03,534 INFO o.a.j.t.JMeterThread: Thread is done: ThreadGroup 1-76
2017-08-21 23:21:03,534 INFO o.a.j.t.JMeterThread: Thread finished: ThreadGroup 1-76
2017-08-21 23:21:03,606 INFO o.a.j.t.JMeterThread: Thread is done: ThreadGroup 1-77
2017-08-21 23:21:03,606 INFO o.a.j.t.JMeterThread: Thread finished: ThreadGroup 1-77
2017-08-21 23:21:03,700 INFO o.a.j.t.JMeterThread: Thread is done: ThreadGroup 1-78
2017-08-21 23:21:03,700 INFO o.a.j.t.JMeterThread: Thread finished: ThreadGroup 1-78
2017-08-21 23:21:03,787 INFO o.a.j.t.JMeterThread: Thread is done: ThreadGroup 1-79
2017-08-21 23:21:03,787 INFO o.a.j.t.JMeterThread: Thread finished: ThreadGroup 1-79
2017-08-21 23:21:03,903 INFO o.a.j.t.JMeterThread: Thread is done: ThreadGroup 1-80
2017-08-21 23:21:03,903 INFO o.a.j.t.JMeterThread: Thread finished: ThreadGroup 1-80
2017-08-21 23:21:04,027 INFO o.a.j.t.JMeterThread: Thread is done: ThreadGroup 1-81
2017-08-21 23:21:04,027 INFO o.a.j.t.JMeterThread: Thread finished: ThreadGroup 1-81
2017-08-21 23:21:04,109 INFO o.a.j.t.JMeterThread: Thread is done: ThreadGroup 1-82
2017-08-21 23:21:04,109 INFO o.a.j.t.JMeterThread: Thread finished: ThreadGroup 1-82
2017-08-21 23:21:04,206 INFO o.a.j.t.JMeterThread: Thread is done: ThreadGroup 1-83
2017-08-21 23:21:04,206 INFO o.a.j.t.JMeterThread: Thread finished: ThreadGroup 1-83
2017-08-21 23:21:04,301 INFO o.a.j.t.JMeterThread: Thread is done: ThreadGroup 1-84
2017-08-21 23:21:04,301 INFO o.a.j.t.JMeterThread: Thread finished: ThreadGroup 1-84
2017-08-21 23:21:04,406 INFO o.a.j.t.JMeterThread: Thread is done: ThreadGroup 1-85
2017-08-21 23:21:04,406 INFO o.a.j.t.JMeterThread: Thread finished: ThreadGroup 1-85
2017-08-21 23:21:04,491 INFO o.a.j.t.JMeterThread: Thread is done: ThreadGroup 1-86
2017-08-21 23:21:04,491 INFO o.a.j.t.JMeterThread: Thread finished: ThreadGroup 1-86
2017-08-21 23:21:04,620 INFO o.a.j.t.JMeterThread: Thread is done: ThreadGroup 1-87
2017-08-21 23:21:04,620 INFO o.a.j.t.JMeterThread: Thread finished: ThreadGroup 1-87
2017-08-21 23:21:04,702 INFO o.a.j.t.JMeterThread: Thread is done: ThreadGroup 1-88
2017-08-21 23:21:04,702 INFO o.a.j.t.JMeterThread: Thread finished: ThreadGroup 1-88
2017-08-21 23:21:04,813 INFO o.a.j.t.JMeterThread: Thread is done: ThreadGroup 1-89
2017-08-21 23:21:04,814 INFO o.a.j.t.JMeterThread: Thread finished: ThreadGroup 1-89
2017-08-21 23:21:04,903 INFO o.a.j.t.JMeterThread: Thread is done: ThreadGroup 1-90
2017-08-21 23:21:04,903 INFO o.a.j.t.JMeterThread: Thread finished: ThreadGroup 1-90
2017-08-21 23:21:04,990 INFO o.a.j.t.JMeterThread: Thread is done: ThreadGroup 1-91
2017-08-21 23:21:04,990 INFO o.a.j.t.JMeterThread: Thread finished: ThreadGroup 1-91
2017-08-21 23:21:05,106 INFO o.a.j.t.JMeterThread: Thread is done: ThreadGroup 1-92
2017-08-21 23:21:05,119 INFO o.a.j.t.JMeterThread: Thread finished: ThreadGroup 1-92
2017-08-21 23:21:05,225 INFO o.a.j.t.JMeterThread: Thread is done: ThreadGroup 1-93
2017-08-21 23:21:05,225 INFO o.a.j.t.JMeterThread: Thread finished: ThreadGroup 1-93
2017-08-21 23:21:05,319 INFO o.a.j.t.JMeterThread: Thread is done: ThreadGroup 1-94
2017-08-21 23:21:05,319 INFO o.a.j.t.JMeterThread: Thread finished: ThreadGroup 1-94
2017-08-21 23:21:05,388 INFO o.a.j.t.JMeterThread: Thread is done: ThreadGroup 1-95
2017-08-21 23:21:05,388 INFO o.a.j.t.JMeterThread: Thread finished: ThreadGroup 1-95
2017-08-21 23:21:05,496 INFO o.a.j.t.JMeterThread: Thread is done: ThreadGroup 1-96
2017-08-21 23:21:05,496 INFO o.a.j.t.JMeterThread: Thread finished: ThreadGroup 1-96
2017-08-21 23:21:05,601 INFO o.a.j.t.JMeterThread: Thread is done: ThreadGroup 1-97
2017-08-21 23:21:05,601 INFO o.a.j.t.JMeterThread: Thread finished: ThreadGroup 1-97
2017-08-21 23:21:05,697 INFO o.a.j.t.JMeterThread: Thread is done: ThreadGroup 1-98
2017-08-21 23:21:05,697 INFO o.a.j.t.JMeterThread: Thread finished: ThreadGroup 1-98
2017-08-21 23:21:05,801 INFO o.a.j.t.JMeterThread: Thread is done: ThreadGroup 1-99
2017-08-21 23:21:05,801 INFO o.a.j.t.JMeterThread: Thread finished: ThreadGroup 1-99
2017-08-21 23:21:05,902 INFO o.a.j.t.JMeterThread: Thread is done: ThreadGroup 1-100
2017-08-21 23:21:05,902 INFO o.a.j.t.JMeterThread: Thread finished: ThreadGroup 1-100
2017-08-21 23:21:05,902 INFO o.a.j.e.StandardJMeterEngine: All Setup Threads have ended
2017-08-21 23:21:05,947 INFO o.a.j.e.StandardJMeterEngine: No enabled thread groups found
2017-08-21 23:21:05,947 INFO o.a.j.e.StandardJMeterEngine: Notifying test listeners of end of test
2017-08-21 23:21:05,948 INFO o.a.j.r.Summariser: summary +     58 in 00:00:06 =    9.9/s Avg: 21002 Min: 21000 Max: 21009 Err:    58 (100.00%) Active: 0 Started: 0 Finished: 0
2017-08-21 23:21:05,949 INFO o.a.j.r.Summariser: summary =   1000 in 00:03:40 =    4.5/s Avg: 21003 Min: 21000 Max: 21175 Err:  1000 (100.00%)
